applocknew/build/outputs/logs/manifest-merger-release-report.txt
-- Merging decision tree log ---
manifest
ADDED from src\main\AndroidManifest.xml:2:1-347:12
	package
		ADDED from src\main\AndroidManifest.xml:4:5-39
		INJECTED from src\main\AndroidManifest.xml
		INJECTED from src\main\AndroidManifest.xml
	android:versionName
		INJECTED from src\main\AndroidManifest.xml
		INJECTED from src\main\AndroidManifest.xml
	xmlns:tools
		ADDED from src\main\AndroidManifest.xml:3:5-51
	xmlns:android
		ADDED from src\main\AndroidManifest.xml:2:11-69
	android:versionCode
		INJECTED from src\main\AndroidManifest.xml
		INJECTED from src\main\AndroidManifest.xml
uses-permission#android.permission.GET_TASKS
ADDED from src\main\AndroidManifest.xml:5:5-68
	android:name
		ADDED from src\main\AndroidManifest.xml:5:22-65
uses-permission#android.permission.WRITE_EXTERNAL_STORAGE
ADDED from src\main\AndroidManifest.xml:6:5-81
MERGED from [Applock-aurora-v1:api:unspecified] AndroidManifest.xml:11:5-81
MERGED from [com.ivy:sketch:1.2.0] AndroidManifest.xml:12:5-81
	android:name
		ADDED from src\main\AndroidManifest.xml:6:22-78
uses-permission#android.permission.RECEIVE_BOOT_COMPLETED
ADDED from src\main\AndroidManifest.xml:7:5-81
	android:name
		ADDED from src\main\AndroidManifest.xml:7:22-78
uses-permission#android.permission.READ_PHONE_STATE
ADDED from src\main\AndroidManifest.xml:8:5-75
	android:name
		ADDED from src\main\AndroidManifest.xml:8:22-72
uses-permission#android.permission.INTERNET
ADDED from src\main\AndroidManifest.xml:9:5-67
MERGED from [com.ivy.util:async-http:1.0.1] AndroidManifest.xml:11:5-67
MERGED from [com.ivy:sketch:1.2.0] AndroidManifest.xml:11:5-67
	android:name
		ADDED from src\main\AndroidManifest.xml:9:22-64
uses-permission#android.permission.ACCESS_NETWORK_STATE
ADDED from src\main\AndroidManifest.xml:10:5-79
MERGED from [com.ivy.module:themestore:1.5.8] AndroidManifest.xml:11:5-79
MERGED from [com.ivy:sketch:1.2.0] AndroidManifest.xml:13:5-79
	android:name
		ADDED from src\main\AndroidManifest.xml:10:22-76
uses-permission#android.permission.ACCESS_WIFI_STATE
ADDED from src\main\AndroidManifest.xml:11:5-76
	android:name
		ADDED from src\main\AndroidManifest.xml:11:22-73
uses-permission#android.permission.READ_LOGS
ADDED from src\main\AndroidManifest.xml:12:5-68
	android:name
		ADDED from src\main\AndroidManifest.xml:12:22-65
uses-permission#android.permission.CAMERA
ADDED from src\main\AndroidManifest.xml:13:5-65
	android:name
		ADDED from src\main\AndroidManifest.xml:13:22-62
uses-permission#android.permission.MOUNT_UNMOUNT_FILESYSTEMS
ADDED from src\main\AndroidManifest.xml:14:5-84
	android:name
		ADDED from src\main\AndroidManifest.xml:14:22-81
uses-permission#ivy.permission.USAGE_ACCESS_SETTINGS
ADDED from src\main\AndroidManifest.xml:15:5-76
	android:name
		ADDED from src\main\AndroidManifest.xml:15:22-73
uses-permission#ivy.permission.access_service
ADDED from src\main\AndroidManifest.xml:16:5-69
	android:name
		ADDED from src\main\AndroidManifest.xml:16:22-66
uses-permission#android.permission.PACKAGE_USAGE_STATS
ADDED from src\main\AndroidManifest.xml:17:5-19:47
	tools:ignore
		ADDED from src\main\AndroidManifest.xml:19:9-44
	android:name
		ADDED from src\main\AndroidManifest.xml:18:9-62
uses-permission#android.permission.SYSTEM_ALERT_WINDOW
ADDED from src\main\AndroidManifest.xml:20:5-78
	android:name
		ADDED from src\main\AndroidManifest.xml:20:22-75
supports-screens
ADDED from src\main\AndroidManifest.xml:21:5-51
	android:anyDensity
		ADDED from src\main\AndroidManifest.xml:21:23-48
application
ADDED from src\main\AndroidManifest.xml:23:5-345:19
MERGED from [Applock-aurora-v1:api:unspecified] AndroidManifest.xml:13:5-16:19
MERGED from [com.ivy.module:themestore:1.5.8] AndroidManifest.xml:13:5-30:19
MERGED from [com.ivy.util:async-http:1.0.1] AndroidManifest.xml:13:5-20
MERGED from [com.core:theme:1.1.9] AndroidManifest.xml:11:5-15:19
MERGED from [com.ivy:sketch:1.2.0] AndroidManifest.xml:15:5-20
MERGED from [com.android.support:cardview-v7:23.1.1] AndroidManifest.xml:22:5-20
MERGED from [com.huxq17.xrefreshview:xrefreshview:3.5.5] AndroidManifest.xml:11:5-12:19
MERGED from [com.android.support:design:23.3.0] AndroidManifest.xml:22:5-20
MERGED from [com.ivy.module:ivyhuojian:1.0.4] AndroidManifest.xml:17:5-39:19
MERGED from [Applock-aurora-v1:cooling:unspecified] AndroidManifest.xml:11:5-26:19
MERGED from [com.android.support:appcompat-v7:23.3.0] AndroidManifest.xml:25:5-20
MERGED from [com.android.support:animated-vector-drawable:23.3.0] AndroidManifest.xml:7:5-20
MERGED from [com.android.support:support-vector-drawable:23.3.0] AndroidManifest.xml:7:5-20
MERGED from [com.core:empty:1.1.6] AndroidManifest.xml:11:5-15:19
MERGED from [com.core:common:1.0.9] AndroidManifest.xml:11:5-15:19
MERGED from [com.ivy.ui:ivyui:1.5.6] AndroidManifest.xml:11:5-41:19
MERGED from [com.google.android.gms:play-services-appindexing:8.4.0] AndroidManifest.xml:19:5-20
MERGED from [com.google.android.gms:play-services-basement:8.4.0] AndroidManifest.xml:20:5-24:19
MERGED from [com.android.support:support-v4:23.3.0] AndroidManifest.xml:22:5-20
	android:label
		ADDED from [Applock-aurora-v1:api:unspecified] AndroidManifest.xml:15:9-41
	android:supportsRtl
		ADDED from [com.ivy.module:themestore:1.5.8] AndroidManifest.xml:16:9-35
	android:exported
		ADDED from src\main\AndroidManifest.xml:26:9-32
	android:manageSpaceActivity
		ADDED from src\main\AndroidManifest.xml:28:9-83
	android:allowBackup
		ADDED from src\main\AndroidManifest.xml:25:9-35
	android:icon
		ADDED from src\main\AndroidManifest.xml:27:9-45
	android:persistent
		ADDED from src\main\AndroidManifest.xml:29:9-34
	android:theme
		ADDED from src\main\AndroidManifest.xml:30:9-45
	android:name
		ADDED from src\main\AndroidManifest.xml:24:9-48
activity#com.security.manager.SecurityAppLock
ADDED from src\main\AndroidManifest.xml:32:9-36:52
	android:excludeFromRecents
		ADDED from src\main\AndroidManifest.xml:35:13-46
	android:allowTaskReparenting
		ADDED from src\main\AndroidManifest.xml:34:13-48
	android:theme
		ADDED from src\main\AndroidManifest.xml:36:13-49
	android:name
		ADDED from src\main\AndroidManifest.xml:33:13-64
activity#com.security.manager.IntrudedeImageActivity
ADDED from src\main\AndroidManifest.xml:37:9-42:52
	android:screenOrientation
		ADDED from src\main\AndroidManifest.xml:41:13-49
	android:excludeFromRecents
		ADDED from src\main\AndroidManifest.xml:40:13-46
	android:allowTaskReparenting
		ADDED from src\main\AndroidManifest.xml:39:13-48
	android:theme
		ADDED from src\main\AndroidManifest.xml:42:13-49
	android:name
		ADDED from src\main\AndroidManifest.xml:38:13-71
service#com.security.manager.AccessibilityService
ADDED from src\main\AndroidManifest.xml:43:9-53:19
	android:label
		ADDED from src\main\AndroidManifest.xml:45:13-45
	android:permission
		ADDED from src\main\AndroidManifest.xml:46:13-79
	android:name
		ADDED from src\main\AndroidManifest.xml:44:13-69
intent-filter#android.accessibilityservice.AccessibilityService
ADDED from src\main\AndroidManifest.xml:47:13-49:29
action#android.accessibilityservice.AccessibilityService
ADDED from src\main\AndroidManifest.xml:48:17-92
	android:name
		ADDED from src\main\AndroidManifest.xml:48:25-89
meta-data#android.accessibilityservice
ADDED from src\main\AndroidManifest.xml:50:13-52:47
	android:resource
		ADDED from src\main\AndroidManifest.xml:52:17-44
	android:name
		ADDED from src\main\AndroidManifest.xml:51:17-60
service#com.security.manager.ApplockC
ADDED from src\main\AndroidManifest.xml:54:9-56:41
	android:process
		ADDED from src\main\AndroidManifest.xml:56:13-38
	android:name
		ADDED from src\main\AndroidManifest.xml:55:13-57
activity#com.security.manager.SecurityTansparent
ADDED from src\main\AndroidManifest.xml:58:9-63:62
	android:screenOrientation
		ADDED from src\main\AndroidManifest.xml:62:13-49
	android:excludeFromRecents
		ADDED from src\main\AndroidManifest.xml:61:13-46
	android:allowTaskReparenting
		ADDED from src\main\AndroidManifest.xml:60:13-48
	android:theme
		ADDED from src\main\AndroidManifest.xml:63:13-59
	android:name
		ADDED from src\main\AndroidManifest.xml:59:13-67
activity#com.security.manager.SecuritySettings
ADDED from src\main\AndroidManifest.xml:64:9-69:52
	android:screenOrientation
		ADDED from src\main\AndroidManifest.xml:68:13-49
	android:excludeFromRecents
		ADDED from src\main\AndroidManifest.xml:67:13-46
	android:allowTaskReparenting
		ADDED from src\main\AndroidManifest.xml:66:13-48
	android:theme
		ADDED from src\main\AndroidManifest.xml:69:13-49
	android:name
		ADDED from src\main\AndroidManifest.xml:65:13-65
activity#com.security.manager.SecurityUnlockSettings
ADDED from src\main\AndroidManifest.xml:72:9-78:52
	android:screenOrientation
		ADDED from src\main\AndroidManifest.xml:77:13-49
	android:excludeFromRecents
		ADDED from src\main\AndroidManifest.xml:75:13-46
	android:launchMode
		ADDED from src\main\AndroidManifest.xml:76:13-48
	android:allowTaskReparenting
		ADDED from src\main\AndroidManifest.xml:74:13-48
	android:theme
		ADDED from src\main\AndroidManifest.xml:78:13-49
	android:name
		ADDED from src\main\AndroidManifest.xml:73:13-71
activity#com.security.manager.SecuritySettingsAdvance
ADDED from src\main\AndroidManifest.xml:79:9-85:52
	android:screenOrientation
		ADDED from src\main\AndroidManifest.xml:84:13-49
	android:excludeFromRecents
		ADDED from src\main\AndroidManifest.xml:82:13-46
	android:launchMode
		ADDED from src\main\AndroidManifest.xml:83:13-48
	android:allowTaskReparenting
		ADDED from src\main\AndroidManifest.xml:81:13-48
	android:theme
		ADDED from src\main\AndroidManifest.xml:85:13-49
	android:name
		ADDED from src\main\AndroidManifest.xml:80:13-72
activity#com.security.manager.SecurityPermissionActivity
ADDED from src\main\AndroidManifest.xml:86:9-92:61
	android:screenOrientation
		ADDED from src\main\AndroidManifest.xml:91:13-49
	android:excludeFromRecents
		ADDED from src\main\AndroidManifest.xml:89:13-46
	android:launchMode
		ADDED from src\main\AndroidManifest.xml:90:13-48
	android:allowTaskReparenting
		ADDED from src\main\AndroidManifest.xml:88:13-48
	android:theme
		ADDED from src\main\AndroidManifest.xml:92:13-58
	android:name
		ADDED from src\main\AndroidManifest.xml:87:13-75
activity#com.security.manager.SecuritySetPattern
ADDED from src\main\AndroidManifest.xml:93:9-99:58
	android:screenOrientation
		ADDED from src\main\AndroidManifest.xml:97:13-49
	android:excludeFromRecents
		ADDED from src\main\AndroidManifest.xml:96:13-46
	android:windowSoftInputMode
		ADDED from src\main\AndroidManifest.xml:99:13-55
	android:allowTaskReparenting
		ADDED from src\main\AndroidManifest.xml:95:13-48
	android:theme
		ADDED from src\main\AndroidManifest.xml:98:13-49
	android:name
		ADDED from src\main\AndroidManifest.xml:94:13-67
activity#com.security.manager.IntruderActivitySecurity
ADDED from src\main\AndroidManifest.xml:100:9-106:52
	android:screenOrientation
		ADDED from src\main\AndroidManifest.xml:104:13-49
	android:excludeFromRecents
		ADDED from src\main\AndroidManifest.xml:103:13-46
	android:allowTaskReparenting
		ADDED from src\main\AndroidManifest.xml:102:13-48
	android:theme
		ADDED from src\main\AndroidManifest.xml:106:13-49
	android:taskAffinity
		ADDED from src\main\AndroidManifest.xml:105:13-42
	android:name
		ADDED from src\main\AndroidManifest.xml:101:13-73
activity#com.security.manager.SecurityPatternActivity
ADDED from src\main\AndroidManifest.xml:107:9-127:20
	android:screenOrientation
		ADDED from src\main\AndroidManifest.xml:115:13-49
	android:label
		ADDED from src\main\AndroidManifest.xml:113:13-45
	android:excludeFromRecents
		ADDED from src\main\AndroidManifest.xml:111:13-46
	android:launchMode
		ADDED from src\main\AndroidManifest.xml:114:13-48
	android:windowSoftInputMode
		ADDED from src\main\AndroidManifest.xml:117:13-55
	android:allowTaskReparenting
		ADDED from src\main\AndroidManifest.xml:109:13-48
	android:configChanges
		ADDED from src\main\AndroidManifest.xml:110:13-109
	android:icon
		ADDED from src\main\AndroidManifest.xml:112:13-49
	android:theme
		ADDED from src\main\AndroidManifest.xml:116:13-49
	android:name
		ADDED from src\main\AndroidManifest.xml:108:13-72
intent-filter#android.intent.action.MAIN+android.intent.category.DEFAULT+android.intent.category.LAUNCHER
ADDED from src\main\AndroidManifest.xml:118:13-122:29
action#android.intent.action.MAIN
ADDED from src\main\AndroidManifest.xml:119:17-69
	android:name
		ADDED from src\main\AndroidManifest.xml:119:25-66
category#android.intent.category.DEFAULT
ADDED from src\main\AndroidManifest.xml:120:17-76
	android:name
		ADDED from src\main\AndroidManifest.xml:120:27-73
category#android.intent.category.LAUNCHER
ADDED from src\main\AndroidManifest.xml:121:17-77
	android:name
		ADDED from src\main\AndroidManifest.xml:121:27-74
intent-filter#android.intent.category.DEFAULT+ivy.intent.action.pattern
ADDED from src\main\AndroidManifest.xml:123:13-126:29
action#ivy.intent.action.pattern
ADDED from src\main\AndroidManifest.xml:124:17-68
	android:name
		ADDED from src\main\AndroidManifest.xml:124:25-65
activity#com.security.manager.PretentTwoActivitySecurityPatternActivity
ADDED from src\main\AndroidManifest.xml:128:9-149:20
	android:enabled
		ADDED from src\main\AndroidManifest.xml:132:13-36
	android:screenOrientation
		ADDED from src\main\AndroidManifest.xml:137:13-49
	android:label
		ADDED from src\main\AndroidManifest.xml:135:13-60
	android:excludeFromRecents
		ADDED from src\main\AndroidManifest.xml:133:13-46
	android:launchMode
		ADDED from src\main\AndroidManifest.xml:136:13-48
	android:windowSoftInputMode
		ADDED from src\main\AndroidManifest.xml:139:13-55
	android:allowTaskReparenting
		ADDED from src\main\AndroidManifest.xml:130:13-48
	android:configChanges
		ADDED from src\main\AndroidManifest.xml:131:13-109
	android:icon
		ADDED from src\main\AndroidManifest.xml:134:13-55
	android:theme
		ADDED from src\main\AndroidManifest.xml:138:13-45
	android:name
		ADDED from src\main\AndroidManifest.xml:129:13-90
activity#com.security.manager.PretentThreeActivitySecurityPatternActivity
ADDED from src\main\AndroidManifest.xml:150:9-172:20
	android:enabled
		ADDED from src\main\AndroidManifest.xml:154:13-36
	android:screenOrientation
		ADDED from src\main\AndroidManifest.xml:159:13-49
	android:label
		ADDED from src\main\AndroidManifest.xml:157:13-60
	android:excludeFromRecents
		ADDED from src\main\AndroidManifest.xml:155:13-46
	android:launchMode
		ADDED from src\main\AndroidManifest.xml:158:13-48
	android:windowSoftInputMode
		ADDED from src\main\AndroidManifest.xml:161:13-55
	android:allowTaskReparenting
		ADDED from src\main\AndroidManifest.xml:152:13-48
	android:configChanges
		ADDED from src\main\AndroidManifest.xml:153:13-109
	android:icon
		ADDED from src\main\AndroidManifest.xml:156:13-55
	android:theme
		ADDED from src\main\AndroidManifest.xml:160:13-45
	android:name
		ADDED from src\main\AndroidManifest.xml:151:13-92
intent-filter#android..category.DEFAULT+ivy.intent.action.pattern
ADDED from src\main\AndroidManifest.xml:168:13-171:29
category#android..category.DEFAULT
ADDED from src\main\AndroidManifest.xml:170:17-70
	android:name
		ADDED from src\main\AndroidManifest.xml:170:27-67
activity#com.security.manager.PretentOneActivitySecurityPatternActivity
ADDED from src\main\AndroidManifest.xml:173:9-196:20
	android:enabled
		ADDED from src\main\AndroidManifest.xml:177:13-36
	android:screenOrientation
		ADDED from src\main\AndroidManifest.xml:182:13-49
	android:label
		ADDED from src\main\AndroidManifest.xml:180:13-60
	android:excludeFromRecents
		ADDED from src\main\AndroidManifest.xml:178:13-46
	android:launchMode
		ADDED from src\main\AndroidManifest.xml:181:13-48
	android:windowSoftInputMode
		ADDED from src\main\AndroidManifest.xml:184:13-55
	android:allowTaskReparenting
		ADDED from src\main\AndroidManifest.xml:175:13-48
	android:configChanges
		ADDED from src\main\AndroidManifest.xml:176:13-109
	android:icon
		ADDED from src\main\AndroidManifest.xml:179:13-55
	android:theme
		ADDED from src\main\AndroidManifest.xml:183:13-45
	android:name
		ADDED from src\main\AndroidManifest.xml:174:13-90
activity#com.security.manager.PretentFourActivitySecurityPatternActivity
ADDED from src\main\AndroidManifest.xml:197:9-220:20
	android:enabled
		ADDED from src\main\AndroidManifest.xml:201:13-36
	android:screenOrientation
		ADDED from src\main\AndroidManifest.xml:206:13-49
	android:label
		ADDED from src\main\AndroidManifest.xml:204:13-62
	android:excludeFromRecents
		ADDED from src\main\AndroidManifest.xml:202:13-46
	android:launchMode
		ADDED from src\main\AndroidManifest.xml:205:13-48
	android:windowSoftInputMode
		ADDED from src\main\AndroidManifest.xml:208:13-55
	android:allowTaskReparenting
		ADDED from src\main\AndroidManifest.xml:199:13-48
	android:configChanges
		ADDED from src\main\AndroidManifest.xml:200:13-109
	android:icon
		ADDED from src\main\AndroidManifest.xml:203:13-55
	android:theme
		ADDED from src\main\AndroidManifest.xml:207:13-45
	android:name
		ADDED from src\main\AndroidManifest.xml:198:13-91
activity#com.security.manager.PretentFiveActivitySecurityPatternActivity
ADDED from src\main\AndroidManifest.xml:221:9-244:20
	android:enabled
		ADDED from src\main\AndroidManifest.xml:225:13-36
	android:screenOrientation
		ADDED from src\main\AndroidManifest.xml:230:13-49
	android:label
		ADDED from src\main\AndroidManifest.xml:228:13-61
	android:excludeFromRecents
		ADDED from src\main\AndroidManifest.xml:226:13-46
	android:launchMode
		ADDED from src\main\AndroidManifest.xml:229:13-48
	android:windowSoftInputMode
		ADDED from src\main\AndroidManifest.xml:232:13-55
	android:allowTaskReparenting
		ADDED from src\main\AndroidManifest.xml:223:13-48
	android:configChanges
		ADDED from src\main\AndroidManifest.xml:224:13-109
	android:icon
		ADDED from src\main\AndroidManifest.xml:227:13-55
	android:theme
		ADDED from src\main\AndroidManifest.xml:231:13-45
	android:name
		ADDED from src\main\AndroidManifest.xml:222:13-91
activity#com.security.manager.SecurityTogglePatternActivity
ADDED from src\main\AndroidManifest.xml:245:9-250:48
	android:screenOrientation
		ADDED from src\main\AndroidManifest.xml:249:13-49
	android:excludeFromRecents
		ADDED from src\main\AndroidManifest.xml:247:13-46
	android:launchMode
		ADDED from src\main\AndroidManifest.xml:248:13-48
	android:theme
		ADDED from src\main\AndroidManifest.xml:250:13-45
	android:name
		ADDED from src\main\AndroidManifest.xml:246:13-78
activity#com.security.manager.UnlockActivitySecurityPatternActivity
ADDED from src\main\AndroidManifest.xml:251:9-262:20
	android:screenOrientation
		ADDED from src\main\AndroidManifest.xml:255:13-49
	android:excludeFromRecents
		ADDED from src\main\AndroidManifest.xml:254:13-46
	android:allowTaskReparenting
		ADDED from src\main\AndroidManifest.xml:253:13-48
	android:theme
		ADDED from src\main\AndroidManifest.xml:256:13-45
	android:name
		ADDED from src\main\AndroidManifest.xml:252:13-86
intent-filter#android.intent.action.UNLOCK+android.intent.category.DEFAULT
ADDED from src\main\AndroidManifest.xml:257:13-261:29
action#android.intent.action.UNLOCK
ADDED from src\main\AndroidManifest.xml:258:17-71
	android:name
		ADDED from src\main\AndroidManifest.xml:258:25-68
activity#com.security.manager.SecurityResetPattern
ADDED from src\main\AndroidManifest.xml:263:9-269:67
	android:screenOrientation
		ADDED from src\main\AndroidManifest.xml:267:13-49
	android:excludeFromRecents
		ADDED from src\main\AndroidManifest.xml:266:13-46
	android:allowTaskReparenting
		ADDED from src\main\AndroidManifest.xml:265:13-48
	android:theme
		ADDED from src\main\AndroidManifest.xml:269:13-64
	android:taskAffinity
		ADDED from src\main\AndroidManifest.xml:268:13-43
	android:name
		ADDED from src\main\AndroidManifest.xml:264:13-69
activity#com.security.manager.SecurityIntruderSetting
ADDED from src\main\AndroidManifest.xml:270:9-276:52
	android:screenOrientation
		ADDED from src\main\AndroidManifest.xml:275:13-49
	android:excludeFromRecents
		ADDED from src\main\AndroidManifest.xml:274:13-46
	android:allowTaskReparenting
		ADDED from src\main\AndroidManifest.xml:272:13-48
	android:configChanges
		ADDED from src\main\AndroidManifest.xml:273:13-109
	android:theme
		ADDED from src\main\AndroidManifest.xml:276:13-49
	android:name
		ADDED from src\main\AndroidManifest.xml:271:13-72
activity#com.security.manager.PretentSelectorActivitySecurity
ADDED from src\main\AndroidManifest.xml:277:9-281:52
	android:screenOrientation
		ADDED from src\main\AndroidManifest.xml:280:13-49
	android:excludeFromRecents
		ADDED from src\main\AndroidManifest.xml:279:13-46
	android:theme
		ADDED from src\main\AndroidManifest.xml:281:13-49
	android:name
		ADDED from src\main\AndroidManifest.xml:278:13-80
activity#com.security.manager.FullScreenActivity
ADDED from src\main\AndroidManifest.xml:282:9-292:20
	android:screenOrientation
		ADDED from src\main\AndroidManifest.xml:286:13-49
	android:excludeFromRecents
		ADDED from src\main\AndroidManifest.xml:284:13-46
	android:launchMode
		ADDED from src\main\AndroidManifest.xml:285:13-48
	android:theme
		ADDED from src\main\AndroidManifest.xml:287:13-50
	android:name
		ADDED from src\main\AndroidManifest.xml:283:13-67
intent-filter#android.intent.category.DEFAULT+ivy.intent.action.full
ADDED from src\main\AndroidManifest.xml:288:13-291:29
action#ivy.intent.action.full
ADDED from src\main\AndroidManifest.xml:289:17-65
	android:name
		ADDED from src\main\AndroidManifest.xml:289:25-62
activity#com.security.manager.UnlockApp
ADDED from src\main\AndroidManifest.xml:293:9-300:52
	android:screenOrientation
		ADDED from src\main\AndroidManifest.xml:299:13-49
	android:excludeFromRecents
		ADDED from src\main\AndroidManifest.xml:297:13-46
	android:launchMode
		ADDED from src\main\AndroidManifest.xml:298:13-48
	android:allowTaskReparenting
		ADDED from src\main\AndroidManifest.xml:295:13-48
	android:configChanges
		ADDED from src\main\AndroidManifest.xml:296:13-109
	android:theme
		ADDED from src\main\AndroidManifest.xml:300:13-49
	android:name
		ADDED from src\main\AndroidManifest.xml:294:13-58
activity#com.security.manager.page.SecurityChooseThemeActivity
ADDED from src\main\AndroidManifest.xml:301:9-307:52
	android:screenOrientation
		ADDED from src\main\AndroidManifest.xml:306:13-49
	android:excludeFromRecents
		ADDED from src\main\AndroidManifest.xml:305:13-46
	android:allowTaskReparenting
		ADDED from src\main\AndroidManifest.xml:304:13-48
	android:theme
		ADDED from src\main\AndroidManifest.xml:307:13-49
	android:name
		ADDED from src\main\AndroidManifest.xml:303:13-81
service#com.security.manager.SecurityService
ADDED from src\main\AndroidManifest.xml:308:9-72
	android:name
		ADDED from src\main\AndroidManifest.xml:308:18-69
service#com.security.manager.NotificationService
ADDED from src\main\AndroidManifest.xml:309:9-76
	android:name
		ADDED from src\main\AndroidManifest.xml:309:18-73
receiver#com.security.manager.WidgetReceiver
ADDED from src\main\AndroidManifest.xml:311:9-328:20
	android:name
		ADDED from src\main\AndroidManifest.xml:311:19-69
intent-filter#android.appwidget.action.APPWIDGET_UPDATE
ADDED from src\main\AndroidManifest.xml:312:13-314:29
action#android.appwidget.action.APPWIDGET_UPDATE
ADDED from src\main\AndroidManifest.xml:313:17-84
	android:name
		ADDED from src\main\AndroidManifest.xml:313:25-81
intent-filter#android.intent.action.SCREEN_ON+android.intent.action.USER_PRESENT+android.intent.category.DEFAULT
ADDED from src\main\AndroidManifest.xml:315:13-320:29
action#android.intent.action.SCREEN_ON
ADDED from src\main\AndroidManifest.xml:316:17-74
	android:name
		ADDED from src\main\AndroidManifest.xml:316:25-71
action#android.intent.action.USER_PRESENT
ADDED from src\main\AndroidManifest.xml:317:17-77
	android:name
		ADDED from src\main\AndroidManifest.xml:317:25-74
intent-filter#android.intent.action.SCREEN_ON+android.intent.action.USER_PRESENT
ADDED from src\main\AndroidManifest.xml:321:13-324:29
meta-data#android.appwidget.provider
ADDED from src\main\AndroidManifest.xml:325:13-327:59
	android:resource
		ADDED from src\main\AndroidManifest.xml:327:17-56
	android:name
		ADDED from src\main\AndroidManifest.xml:326:17-58
receiver#com.security.manager.SecurityBootReceiver
ADDED from src\main\AndroidManifest.xml:329:9-342:20
	android:exported
		ADDED from src\main\AndroidManifest.xml:331:13-37
	android:name
		ADDED from src\main\AndroidManifest.xml:330:13-69
intent-filter#android.intent.action.BOOT_COMPLETED+android.intent.category.DEFAULT
ADDED from src\main\AndroidManifest.xml:332:13-335:29
	android:priority
		ADDED from src\main\AndroidManifest.xml:332:28-51
action#android.intent.action.BOOT_COMPLETED
ADDED from src\main\AndroidManifest.xml:333:17-79
	android:name
		ADDED from src\main\AndroidManifest.xml:333:25-76
intent-filter#android.intent.action.PACKAGE_ADDED+android.intent.action.PACKAGE_REMOVED+android.intent.category.DEFAULT
ADDED from src\main\AndroidManifest.xml:336:13-341:29
action#android.intent.action.PACKAGE_ADDED
ADDED from src\main\AndroidManifest.xml:337:17-78
	android:name
		ADDED from src\main\AndroidManifest.xml:337:25-75
action#android.intent.action.PACKAGE_REMOVED
ADDED from src\main\AndroidManifest.xml:338:17-80
	android:name
		ADDED from src\main\AndroidManifest.xml:338:25-77
data
ADDED from src\main\AndroidManifest.xml:340:17-50
	android:scheme
		ADDED from src\main\AndroidManifest.xml:340:23-47
uses-sdk
INJECTED from src\main\AndroidManifest.xml reason: use-sdk injection requested
MERGED from [Applock-aurora-v1:ByakuGallery:unspecified] AndroidManifest.xml:5:5-7:41
MERGED from [Applock-aurora-v1:api:unspecified] AndroidManifest.xml:7:5-9:41
MERGED from [Applock-aurora-v1:baselibrary:unspecified] AndroidManifest.xml:7:5-9:41
MERGED from [com.ivy.module:themestore:1.5.8] AndroidManifest.xml:7:5-9:41
MERGED from [com.ivy.util:async-http:1.0.1] AndroidManifest.xml:7:5-9:41
MERGED from [com.core:theme:1.1.9] AndroidManifest.xml:7:5-9:41
MERGED from [com.ivy:sketch:1.2.0] AndroidManifest.xml:7:5-9:41
MERGED from [com.android.support:cardview-v7:23.1.1] AndroidManifest.xml:20:5-43
MERGED from [com.huxq17.xrefreshview:xrefreshview:3.5.5] AndroidManifest.xml:7:5-9:41
MERGED from [com.android.support:design:23.3.0] AndroidManifest.xml:20:5-43
MERGED from [com.android.support:recyclerview-v7:23.3.0] AndroidManifest.xml:20:5-43
MERGED from [com.ivy.module:ivyhuojian:1.0.4] AndroidManifest.xml:7:5-9:41
MERGED from [Applock-aurora-v1:cooling:unspecified] AndroidManifest.xml:7:5-9:41
MERGED from [com.android.support:appcompat-v7:23.3.0] AndroidManifest.xml:21:5-23:78
MERGED from [com.android.support:animated-vector-drawable:23.3.0] AndroidManifest.xml:5:5-44
MERGED from [com.android.support:support-vector-drawable:23.3.0] AndroidManifest.xml:5:5-43
MERGED from [com.core:empty:1.1.6] AndroidManifest.xml:7:5-9:41
MERGED from [com.core:common:1.0.9] AndroidManifest.xml:7:5-9:41
MERGED from [com.ivy.ui:ivyui:1.5.6] AndroidManifest.xml:7:5-9:41
MERGED from [com.ivy:gif:1.0.4] AndroidManifest.xml:8:5-10:41
MERGED from [com.google.android.gms:play-services-appindexing:8.4.0] AndroidManifest.xml:18:5-42
MERGED from [com.google.android.gms:play-services-base:8.4.0] AndroidManifest.xml:18:5-42
MERGED from [com.google.android.gms:play-services-basement:8.4.0] AndroidManifest.xml:18:5-42
MERGED from [com.android.support:support-v4:23.3.0] AndroidManifest.xml:20:5-43
MERGED from [com.squareup.leakcanary:leakcanary-android-no-op:1.3.1] AndroidManifest.xml:20:5-22:41
	tools:overrideLibrary
		ADDED from [com.android.support:appcompat-v7:23.3.0] AndroidManifest.xml:23:9-75
	android:targetSdkVersion
		INJECTED from src\main\AndroidManifest.xml
		INJECTED from src\main\AndroidManifest.xml
	android:minSdkVersion
		INJECTED from src\main\AndroidManifest.xml
		INJECTED from src\main\AndroidManifest.xml
activity#com.ivy.module.themestore.activity.ThemeStoreTabActivity
ADDED from [com.ivy.module:themestore:1.5.8] AndroidManifest.xml:17:9-25:20
	android:screenOrientation
		ADDED from [com.ivy.module:themestore:1.5.8] AndroidManifest.xml:20:13-49
	android:launchMode
		ADDED from [com.ivy.module:themestore:1.5.8] AndroidManifest.xml:19:13-48
	android:theme
		ADDED from [com.ivy.module:themestore:1.5.8] AndroidManifest.xml:21:13-50
	android:name
		ADDED from [com.ivy.module:themestore:1.5.8] AndroidManifest.xml:18:13-84
intent-filter#android.intent.action.MAIN
ADDED from [com.ivy.module:themestore:1.5.8] AndroidManifest.xml:22:13-24:29
activity#com.ivy.module.themestore.activity.LocalThemeActivity
ADDED from [com.ivy.module:themestore:1.5.8] AndroidManifest.xml:26:9-29:53
	android:screenOrientation
		ADDED from [com.ivy.module:themestore:1.5.8] AndroidManifest.xml:28:13-49
	android:theme
		ADDED from [com.ivy.module:themestore:1.5.8] AndroidManifest.xml:29:13-50
	android:name
		ADDED from [com.ivy.module:themestore:1.5.8] AndroidManifest.xml:27:13-81
android:uses-permission#android.permission.READ_EXTERNAL_STORAGE
IMPLIED from src\main\AndroidManifest.xml:2:1-347:12 reason: me.xiaopan.sketch requested WRITE_EXTERNAL_STORAGE
uses-permission#android.permission.KILL_BACKGROUND_PROCESSES
ADDED from [com.ivy.module:ivyhuojian:1.0.4] AndroidManifest.xml:11:5-84
	android:name
		ADDED from [com.ivy.module:ivyhuojian:1.0.4] AndroidManifest.xml:11:22-81
uses-permission#com.android.launcher.permission.INSTALL_SHORTCUT
ADDED from [com.ivy.module:ivyhuojian:1.0.4] AndroidManifest.xml:13:5-88
	android:name
		ADDED from [com.ivy.module:ivyhuojian:1.0.4] AndroidManifest.xml:13:22-85
uses-permission#com.android.launcher.permission.UNINSTALL_SHORTCUT
ADDED from [com.ivy.module:ivyhuojian:1.0.4] AndroidManifest.xml:14:5-90
	android:name
		ADDED from [com.ivy.module:ivyhuojian:1.0.4] AndroidManifest.xml:14:22-87
uses-permission#com.android.launcher.permission.READ_SETTINGS
ADDED from [com.ivy.module:ivyhuojian:1.0.4] AndroidManifest.xml:15:5-85
	android:name
		ADDED from [com.ivy.module:ivyhuojian:1.0.4] AndroidManifest.xml:15:22-82